<?xml version="1.0" encoding="UTF-8"?>
<testsuite xmlns:xsi="http://www.w3.org/2001/XMLSchema-instance" xsi:noNamespaceSchemaLocation="https://maven.apache.org/surefire/maven-surefire-plugin/xsd/surefire-test-report-3.0.xsd" version="3.0" name="BurgerTest" time="1.973" tests="5" errors="0" skipped="0" failures="0">
  <properties>
[...]
</properties>
  <testcase name="addIngredient" classname="BurgerTest" time="0.254"/>
  <testcase name="removeIngredient" classname="BurgerTest" time="0.0"/>
  <testcase name="moveIngredient" classname="BurgerTest" time="0.0"/>
  <testcase name="setBuns" classname="BurgerTest" time="0.0"/>
  <testcase name="getReceipt" classname="BurgerTest" time="0.11"/>
</testsuite>